# JRE version: Java(TM) SE Runtime Environment (9.0+11) (build 9.0.4+11)
# Java VM: Java HotSpot(TM) 64-Bit Server VM (9.0.4+11, mixed mode, tiered, compressed oops, g1 gc, windows-amd64)
Heap:
 garbage-first heap   total 164864K, used 103644K [0x0000000700000000, 0x0000000700100508, 0x00000007c0000000)
  region size 1024K, 31 young (31744K), 1 survivors (1024K)
 Metaspace       used 81191K, capacity 87123K, committed 87324K, reserved 1124352K
  class space    used 11188K, capacity 12228K, committed 12316K, reserved 1048576K
GC Heap History (10 events):
Event: 1959.666 GC heap before
{Heap before GC invocations=173 (full 32):
 garbage-first heap   total 164864K, used 129683K [0x0000000700000000, 0x0000000700100508, 0x00000007c0000000)
  region size 1024K, 60 young (61440K), 1 survivors (1024K)
 Metaspace       used 81113K, capacity 87059K, committed 87324K, reserved 1124352K
  class space    used 11188K, capacity 12228K, committed 12316K, reserved 1048576K
}
Event: 1959.669 GC heap after
{Heap after GC invocations=174 (full 32):
 garbage-first heap   total 164864K, used 69365K [0x0000000700000000, 0x0000000700100508, 0x00000007c0000000)
  region size 1024K, 2 young (2048K), 2 survivors (2048K)
 Metaspace       used 81113K, capacity 87059K, committed 87324K, reserved 1124352K
  class space    used 11188K, capacity 12228K, committed 12316K, reserved 1048576K
}
Event: 2004.336 GC heap before
{Heap before GC invocations=174 (full 32):
 garbage-first heap   total 164864K, used 128757K [0x0000000700000000, 0x0000000700100508, 0x00000007c0000000)
  region size 1024K, 60 young (61440K), 2 survivors (2048K)
 Metaspace       used 81142K, capacity 87123K, committed 87324K, reserved 1124352K
  class space    used 11188K, capacity 12228K, committed 12316K, reserved 1048576K
}
Event: 2004.341 GC heap after
{Heap after GC invocations=175 (full 32):
 garbage-first heap   total 164864K, used 69198K [0x0000000700000000, 0x0000000700100508, 0x00000007c0000000)
  region size 1024K, 1 young (1024K), 1 survivors (1024K)
 Metaspace       used 81142K, capacity 87123K, committed 87324K, reserved 1124352K
  class space    used 11188K, capacity 12228K, committed 12316K, reserved 1048576K
}
Event: 2004.903 GC heap before
{Heap before GC invocations=175 (full 32):
 garbage-first heap   total 164864K, used 129614K [0x0000000700000000, 0x0000000700100508, 0x00000007c0000000)
  region size 1024K, 60 young (61440K), 1 survivors (1024K)
 Metaspace       used 81142K, capacity 87123K, committed 87324K, reserved 1124352K
  class space    used 11188K, capacity 12228K, committed 12316K, reserved 1048576K
}
Event: 2004.905 GC heap after
{Heap after GC invocations=176 (full 32):
 garbage-first heap   total 164864K, used 69012K [0x0000000700000000, 0x0000000700100508, 0x00000007c0000000)
  region size 1024K, 1 young (1024K), 1 survivors (1024K)
 Metaspace       used 81142K, capacity 87123K, committed 87324K, reserved 1124352K
  class space    used 11188K, capacity 12228K, committed 12316K, reserved 1048576K
}
Event: 2014.865 GC heap before
{Heap before GC invocations=176 (full 32):
 garbage-first heap   total 164864K, used 114068K [0x0000000700000000, 0x0000000700100508, 0x00000007c0000000)
  region size 1024K, 41 young (41984K), 1 survivors (1024K)
 Metaspace       used 81148K, capacity 87123K, committed 87324K, reserved 1124352K
  class space    used 11188K, capacity 12228K, committed 12316K, reserved 1048576K
}
Event: 2015.017 GC heap after
{Heap after GC invocations=177 (full 33):
 garbage-first heap   total 164864K, used 71720K [0x0000000700000000, 0x0000000700100508, 0x00000007c0000000)
  region size 1024K, 0 young (0K), 0 survivors (0K)
 Metaspace       used 81148K, capacity 87123K, committed 87324K, reserved 1124352K
  class space    used 11188K, capacity 12228K, committed 12316K, reserved 1048576K
}
Event: 2015.033 GC heap before
{Heap before GC invocations=177 (full 33):
 garbage-first heap   total 164864K, used 71720K [0x0000000700000000, 0x0000000700100508, 0x00000007c0000000)
  region size 1024K, 1 young (1024K), 0 survivors (0K)
 Metaspace       used 81148K, capacity 87123K, committed 87324K, reserved 1124352K
  class space    used 11188K, capacity 12228K, committed 12316K, reserved 1048576K
}
Event: 2015.035 GC heap after
{Heap after GC invocations=178 (full 33):
 garbage-first heap   total 164864K, used 71900K [0x0000000700000000, 0x0000000700100508, 0x00000007c0000000)
  region size 1024K, 1 young (1024K), 1 survivors (1024K)
 Metaspace       used 81148K, capacity 87123K, committed 87324K, reserved 1124352K
  class space    used 11188K, capacity 12228K, committed 12316K, reserved 1048576K
}

